<?xml version="1.0" encoding="UTF-8"?>
<!-- Generated by org.testng.reporters.JUnitReportReporter -->
<testsuite hostname="VandanaLaptop" failures="0" tests="1" name="com.testscenarios.dragAndDrop" time="7.954" errors="0" timestamp="2023-04-02T15:19:20 CDT" skipped="0">
  <testcase classname="com.testscenarios.dragAndDrop" name="f" time="7.954"/>
  <system-out/>
</testsuite> <!-- com.testscenarios.dragAndDrop -->
