<?xml version="1.0" encoding="UTF-8"?>
<!-- Generated by org.testng.reporters.JUnitReportReporter -->
<testsuite hostname="VandanaLaptop" failures="0" tests="1" name="com.testscenarios.OpenCart" time="16.174" errors="0" timestamp="2023-04-06T14:57:35 CDT" skipped="0">
  <testcase classname="com.testscenarios.OpenCart" name="f" time="16.174"/>
  <system-out/>
</testsuite> <!-- com.testscenarios.OpenCart -->
