<?xml version="1.0" encoding="UTF-8"?>
<!-- Generated by org.testng.reporters.JUnitReportReporter -->
<testsuite hostname="VandanaLaptop" failures="0" tests="1" name="com.testscenarios.Actions_DoubleClick" time="13.642" errors="0" timestamp="2023-04-02T23:02:56 CDT" skipped="0">
  <testcase classname="com.testscenarios.Actions_DoubleClick" name="f" time="13.642"/>
  <system-out/>
</testsuite> <!-- com.testscenarios.Actions_DoubleClick -->
