<?xml version="1.0" encoding="UTF-8"?>
<!-- Generated by org.testng.reporters.JUnitReportReporter -->
<testsuite hostname="VandanaLaptop" failures="0" tests="1" name="com.testscenarios.TripatiBalaji" time="14.414" errors="0" timestamp="2023-04-06T14:57:35 CDT" skipped="0">
  <testcase classname="com.testscenarios.TripatiBalaji" name="f" time="14.414"/>
  <system-out/>
</testsuite> <!-- com.testscenarios.TripatiBalaji -->
