<?xml version="1.0" encoding="UTF-8"?>
<!-- Generated by org.testng.reporters.JUnitReportReporter -->
<testsuite hostname="VandanaLaptop" failures="0" tests="1" name="com.testscenarios.UpperClass" time="4.882" errors="0" timestamp="2023-04-02T22:54:28 CDT" skipped="0">
  <testcase classname="com.testscenarios.UpperClass" name="f" time="4.882"/>
  <system-out/>
</testsuite> <!-- com.testscenarios.UpperClass -->
