<?xml version="1.0" encoding="UTF-8"?>
<!-- Generated by org.testng.reporters.JUnitReportReporter -->
<testsuite hostname="VandanaLaptop" failures="0" tests="1" name="com.testscenarios.FaceBookHighlight" time="4.290" errors="0" timestamp="2023-04-02T19:10:44 CDT" skipped="0">
  <testcase classname="com.testscenarios.FaceBookHighlight" name="f" time="4.290"/>
  <system-out/>
</testsuite> <!-- com.testscenarios.FaceBookHighlight -->
