<?xml version="1.0" encoding="UTF-8"?>
<!-- Generated by org.testng.reporters.JUnitReportReporter -->
<testsuite hostname="VandanaLaptop" failures="0" tests="1" name="com.testscenarios.MoveToWebelement" time="13.199" errors="0" timestamp="2023-04-02T21:51:25 CDT" skipped="0">
  <testcase classname="com.testscenarios.MoveToWebelement" name="f" time="13.199"/>
  <system-out/>
</testsuite> <!-- com.testscenarios.MoveToWebelement -->
