<?xml version="1.0" encoding="UTF-8"?>
<!-- Generated by org.testng.reporters.JUnitReportReporter -->
<testsuite hostname="VandanaLaptop" failures="0" tests="1" name="com.testscenarios.TripatiBalaji" time="10.639" errors="0" timestamp="2023-03-31T01:05:22 CDT" skipped="0">
  <testcase classname="com.testscenarios.TripatiBalaji" name="f" time="10.639"/>
  <system-out/>
</testsuite> <!-- com.testscenarios.TripatiBalaji -->
