<?xml version="1.0" encoding="UTF-8"?>
<!-- Generated by org.testng.reporters.JUnitReportReporter -->
<testsuite hostname="VandanaLaptop" failures="0" tests="1" name="com.testscenarios.JustRecharge" time="17.792" errors="0" timestamp="2023-03-29T13:59:54 CDT" skipped="0">
  <testcase classname="com.testscenarios.JustRecharge" name="f" time="17.792"/>
  <system-out/>
</testsuite> <!-- com.testscenarios.JustRecharge -->
