<?xml version="1.0" encoding="UTF-8"?>
<!-- Generated by org.testng.reporters.JUnitReportReporter -->
<testsuite hostname="VandanaLaptop" failures="0" tests="1" name="com.testscenarios.FaceBookHighlight" time="4.624" errors="0" timestamp="2023-03-31T17:05:27 CDT" skipped="0">
  <testcase classname="com.testscenarios.FaceBookHighlight" name="f" time="4.624"/>
  <system-out/>
</testsuite> <!-- com.testscenarios.FaceBookHighlight -->
