<?xml version="1.0" encoding="UTF-8"?>
<!-- Generated by org.testng.reporters.JUnitReportReporter -->
<testsuite hostname="VandanaLaptop" failures="0" tests="1" name="com.testscenarios.OrangeHrm" time="19.171" errors="0" timestamp="2023-03-30T16:28:28 CDT" skipped="0">
  <testcase classname="com.testscenarios.OrangeHrm" name="f" time="19.171"/>
  <system-out/>
</testsuite> <!-- com.testscenarios.OrangeHrm -->
