<?xml version="1.0" encoding="UTF-8"?>
<!-- Generated by org.testng.reporters.JUnitReportReporter -->
<testsuite hostname="VandanaLaptop" failures="0" tests="1" name="com.testscenarios.GoogleEnter" time="11.633" errors="0" timestamp="2023-04-02T22:46:42 CDT" skipped="0">
  <testcase classname="com.testscenarios.GoogleEnter" name="f" time="11.633"/>
  <system-out/>
</testsuite> <!-- com.testscenarios.GoogleEnter -->
