<?xml version="1.0" encoding="UTF-8"?>
<!-- Generated by org.testng.reporters.JUnitReportReporter -->
<testsuite hostname="VandanaLaptop" failures="0" tests="1" name="com.testscenarios.JRI_RechargeSignIn" time="12.060" errors="0" timestamp="2023-03-31T13:47:34 CDT" skipped="0">
  <testcase classname="com.testscenarios.JRI_RechargeSignIn" name="f" time="12.060"/>
  <system-out/>
</testsuite> <!-- com.testscenarios.JRI_RechargeSignIn -->
