<?xml version="1.0" encoding="UTF-8"?>
<!-- Generated by org.testng.reporters.JUnitReportReporter -->
<testsuite hostname="VandanaLaptop" failures="0" tests="1" name="com.testscenarios.JRI_AccountCreation" time="8.200" errors="0" timestamp="2023-03-31T13:42:53 CDT" skipped="0">
  <testcase classname="com.testscenarios.JRI_AccountCreation" name="f" time="8.200"/>
  <system-out/>
</testsuite> <!-- com.testscenarios.JRI_AccountCreation -->
