<?xml version="1.0" encoding="UTF-8"?>
<!-- Generated by org.testng.reporters.JUnitReportReporter -->
<testsuite hostname="VandanaLaptop" failures="0" tests="1" name="com.testscenarios.JRI_RechargeSignIn" time="12.289" errors="0" timestamp="2023-04-02T15:19:20 CDT" skipped="0">
  <testcase classname="com.testscenarios.JRI_RechargeSignIn" name="f" time="12.289"/>
  <system-out/>
</testsuite> <!-- com.testscenarios.JRI_RechargeSignIn -->
